This file contains any messages produced by compilers while
running configure, to aid debugging if configure makes a mistake.

It was created by mos configure 0.9, which was
generated by GNU Autoconf 2.61.  Invocation command line was

  $ ../../configure --enable-build=yes CFLAGS=-Wall -ggdb -O2 --no-create --no-recursion

## --------- ##
## Platform. ##
## --------- ##

hostname = iceman-laptop
uname -m = i686
uname -r = 2.6.30
uname -s = Linux
uname -v = #3 SMP Tue Sep 8 18:24:01 CEST 2009

/usr/bin/uname -p = unknown
/bin/uname -X     = unknown

/bin/arch              = unknown
/usr/bin/arch -k       = unknown
/usr/convex/getsysinfo = unknown
/usr/bin/hostinfo      = unknown
/bin/machine           = unknown
/usr/bin/oslevel       = unknown
/bin/universe          = unknown

PATH: /usr/local/sbin
PATH: /usr/local/bin
PATH: /usr/sbin
PATH: /usr/bin
PATH: /sbin
PATH: /bin
PATH: /usr/games
PATH: /usr/local/Trolltech/Qt-4.5.2/bin
PATH: /home/iceman/cefriel/telosb/mos-0.9.5/tools/bin
PATH: /usr/local/Trolltech/Qt-4.5.2/bin
PATH: /home/iceman/cefriel/dynamiclinker/mos-0.9.5/tools/bin


## ----------- ##
## Core tests. ##
## ----------- ##

configure:1817: checking for a BSD-compatible install
configure:1873: result: /usr/bin/install -c
configure:1884: checking whether build environment is sane
configure:1927: result: yes
configure:1955: checking for a thread-safe mkdir -p
configure:1994: result: /bin/mkdir -p
configure:2007: checking for gawk
configure:2023: found /usr/bin/gawk
configure:2034: result: gawk
configure:2045: checking whether make sets $(MAKE)
configure:2066: result: yes
configure:2483: checking for gcc
configure:2499: found /usr/bin/gcc
configure:2510: result: gcc
configure:2748: checking for C compiler version
configure:2755: gcc --version >&5
gcc (GCC) 4.2.4 (Ubuntu 4.2.4-1ubuntu4)
Copyright (C) 2007 Free Software Foundation, Inc.
This is free software; see the source for copying conditions.  There is NO
warranty; not even for MERCHANTABILITY or FITNESS FOR A PARTICULAR PURPOSE.

configure:2758: $? = 0
configure:2765: gcc -v >&5
Using built-in specs.
Target: i486-linux-gnu
Configured with: ../src/configure -v --enable-languages=c,c++,fortran,objc,obj-c++,treelang --prefix=/usr --enable-shared --with-system-zlib --libexecdir=/usr/lib --without-included-gettext --enable-threads=posix --enable-nls --with-gxx-include-dir=/usr/include/c++/4.2 --program-suffix=-4.2 --enable-clocale=gnu --enable-libstdcxx-debug --enable-objc-gc --enable-mpfr --enable-targets=all --enable-checking=release --build=i486-linux-gnu --host=i486-linux-gnu --target=i486-linux-gnu
Thread model: posix
gcc version 4.2.4 (Ubuntu 4.2.4-1ubuntu4)
configure:2768: $? = 0
configure:2775: gcc -V >&5
gcc: '-V' option must have argument
configure:2778: $? = 1
configure:2801: checking for C compiler default output file name
configure:2828: gcc -Wall -ggdb -O2   conftest.c  >&5
configure:2831: $? = 0
configure:2869: result: a.out
configure:2886: checking whether the C compiler works
configure:2896: ./a.out
configure:2899: $? = 0
configure:2916: result: yes
configure:2923: checking whether we are cross compiling
configure:2925: result: no
configure:2928: checking for suffix of executables
configure:2935: gcc -o conftest -Wall -ggdb -O2   conftest.c  >&5
configure:2938: $? = 0
configure:2962: result: 
configure:2968: checking for suffix of object files
configure:2994: gcc -c -Wall -ggdb -O2  conftest.c >&5
configure:2997: $? = 0
configure:3020: result: o
configure:3024: checking whether we are using the GNU C compiler
configure:3053: gcc -c -Wall -ggdb -O2  conftest.c >&5
configure:3059: $? = 0
configure:3076: result: yes
configure:3081: checking whether gcc accepts -g
configure:3111: gcc -c -g  conftest.c >&5
configure:3117: $? = 0
configure:3216: result: yes
configure:3233: checking for gcc option to accept ISO C89
configure:3307: gcc  -c -Wall -ggdb -O2  conftest.c >&5
configure:3313: $? = 0
configure:3336: result: none needed
configure:3365: checking for style of include used by make
configure:3393: result: GNU
configure:3418: checking dependency style of gcc
configure:3509: result: gcc3
configure:3526: checking dependency style of gcc
configure:3617: result: gcc3
configure:3690: checking for g++
configure:3706: found /usr/bin/g++
configure:3717: result: g++
configure:3748: checking for C++ compiler version
configure:3755: g++ --version >&5
g++ (GCC) 4.2.4 (Ubuntu 4.2.4-1ubuntu4)
Copyright (C) 2007 Free Software Foundation, Inc.
This is free software; see the source for copying conditions.  There is NO
warranty; not even for MERCHANTABILITY or FITNESS FOR A PARTICULAR PURPOSE.

configure:3758: $? = 0
configure:3765: g++ -v >&5
Using built-in specs.
Target: i486-linux-gnu
Configured with: ../src/configure -v --enable-languages=c,c++,fortran,objc,obj-c++,treelang --prefix=/usr --enable-shared --with-system-zlib --libexecdir=/usr/lib --without-included-gettext --enable-threads=posix --enable-nls --with-gxx-include-dir=/usr/include/c++/4.2 --program-suffix=-4.2 --enable-clocale=gnu --enable-libstdcxx-debug --enable-objc-gc --enable-mpfr --enable-targets=all --enable-checking=release --build=i486-linux-gnu --host=i486-linux-gnu --target=i486-linux-gnu
Thread model: posix
gcc version 4.2.4 (Ubuntu 4.2.4-1ubuntu4)
configure:3768: $? = 0
configure:3775: g++ -V >&5
g++: '-V' option must have argument
configure:3778: $? = 1
configure:3781: checking whether we are using the GNU C++ compiler
configure:3810: g++ -c   conftest.cpp >&5
configure:3816: $? = 0
configure:3833: result: yes
configure:3838: checking whether g++ accepts -g
configure:3868: g++ -c -g  conftest.cpp >&5
configure:3874: $? = 0
configure:3973: result: yes
configure:3998: checking dependency style of g++
configure:4089: result: gcc3
configure:4106: checking dependency style of g++
configure:4197: result: gcc3
configure:4255: checking for ranlib
configure:4271: found /usr/bin/ranlib
configure:4282: result: ranlib
configure:4317: checking dependency style of gcc
configure:4408: result: gcc3
configure:4445: checking how to run the C preprocessor
configure:4485: gcc -E  conftest.c
configure:4491: $? = 0
configure:4522: gcc -E  conftest.c
conftest.c:12:28: error: ac_nonexistent.h: No such file or directory
configure:4528: $? = 1
configure: failed program was:
| /* confdefs.h.  */
| #define PACKAGE_NAME "mos"
| #define PACKAGE_TARNAME "mos"
| #define PACKAGE_VERSION "0.9"
| #define PACKAGE_STRING "mos 0.9"
| #define PACKAGE_BUGREPORT ""
| #define PACKAGE "mos"
| #define VERSION "0.9"
| #define PACKAGE "mos"
| #define VERSION "0.9"
| /* end confdefs.h.  */
| #include <ac_nonexistent.h>
configure:4561: result: gcc -E
configure:4590: gcc -E  conftest.c
configure:4596: $? = 0
configure:4627: gcc -E  conftest.c
conftest.c:12:28: error: ac_nonexistent.h: No such file or directory
configure:4633: $? = 1
configure: failed program was:
| /* confdefs.h.  */
| #define PACKAGE_NAME "mos"
| #define PACKAGE_TARNAME "mos"
| #define PACKAGE_VERSION "0.9"
| #define PACKAGE_STRING "mos 0.9"
| #define PACKAGE_BUGREPORT ""
| #define PACKAGE "mos"
| #define VERSION "0.9"
| #define PACKAGE "mos"
| #define VERSION "0.9"
| /* end confdefs.h.  */
| #include <ac_nonexistent.h>
configure:4671: checking for grep that handles long lines and -e
configure:4745: result: /bin/grep
configure:4750: checking for egrep
configure:4828: result: /bin/grep -E
configure:4833: checking for ANSI C header files
configure:4863: gcc -c -Wall -ggdb -O2  conftest.c >&5
configure:4869: $? = 0
configure:4968: gcc -o conftest -Wall -ggdb -O2   conftest.c  >&5
configure:4971: $? = 0
configure:4977: ./conftest
configure:4980: $? = 0
configure:4997: result: yes
configure:5022: checking for sys/types.h
configure:5043: gcc -c -Wall -ggdb -O2  conftest.c >&5
configure:5049: $? = 0
configure:5065: result: yes
configure:5022: checking for sys/stat.h
configure:5043: gcc -c -Wall -ggdb -O2  conftest.c >&5
configure:5049: $? = 0
configure:5065: result: yes
configure:5022: checking for stdlib.h
configure:5043: gcc -c -Wall -ggdb -O2  conftest.c >&5
configure:5049: $? = 0
configure:5065: result: yes
configure:5022: checking for string.h
configure:5043: gcc -c -Wall -ggdb -O2  conftest.c >&5
configure:5049: $? = 0
configure:5065: result: yes
configure:5022: checking for memory.h
configure:5043: gcc -c -Wall -ggdb -O2  conftest.c >&5
configure:5049: $? = 0
configure:5065: result: yes
configure:5022: checking for strings.h
configure:5043: gcc -c -Wall -ggdb -O2  conftest.c >&5
configure:5049: $? = 0
configure:5065: result: yes
configure:5022: checking for inttypes.h
configure:5043: gcc -c -Wall -ggdb -O2  conftest.c >&5
configure:5049: $? = 0
configure:5065: result: yes
configure:5022: checking for stdint.h
configure:5043: gcc -c -Wall -ggdb -O2  conftest.c >&5
configure:5049: $? = 0
configure:5065: result: yes
configure:5022: checking for unistd.h
configure:5043: gcc -c -Wall -ggdb -O2  conftest.c >&5
configure:5049: $? = 0
configure:5065: result: yes
configure:5078: checking for stdint.h
configure:5083: result: yes
configure:5225: checking fcntl.h usability
configure:5242: gcc -c -Wall -ggdb -O2  conftest.c >&5
configure:5248: $? = 0
configure:5262: result: yes
configure:5266: checking fcntl.h presence
configure:5281: gcc -E  conftest.c
configure:5287: $? = 0
configure:5301: result: yes
configure:5329: checking for fcntl.h
configure:5337: result: yes
configure:5215: checking for inttypes.h
configure:5221: result: yes
configure:5215: checking for stdlib.h
configure:5221: result: yes
configure:5215: checking for string.h
configure:5221: result: yes
configure:5225: checking termios.h usability
configure:5242: gcc -c -Wall -ggdb -O2  conftest.c >&5
configure:5248: $? = 0
configure:5262: result: yes
configure:5266: checking termios.h presence
configure:5281: gcc -E  conftest.c
configure:5287: $? = 0
configure:5301: result: yes
configure:5329: checking for termios.h
configure:5337: result: yes
configure:5215: checking for unistd.h
configure:5221: result: yes
configure:5369: checking arpa/inet.h usability
configure:5386: gcc -c -Wall -ggdb -O2  conftest.c >&5
configure:5392: $? = 0
configure:5406: result: yes
configure:5410: checking arpa/inet.h presence
configure:5425: gcc -E  conftest.c
configure:5431: $? = 0
configure:5445: result: yes
configure:5473: checking for arpa/inet.h
configure:5481: result: yes
configure:5359: checking for inttypes.h
configure:5365: result: yes
configure:5359: checking for stdlib.h
configure:5365: result: yes
configure:5369: checking sys/socket.h usability
configure:5386: gcc -c -Wall -ggdb -O2  conftest.c >&5
configure:5392: $? = 0
configure:5406: result: yes
configure:5410: checking sys/socket.h presence
configure:5425: gcc -E  conftest.c
configure:5431: $? = 0
configure:5445: result: yes
configure:5473: checking for sys/socket.h
configure:5481: result: yes
configure:5494: checking for an ANSI C-conforming const
configure:5569: gcc -c -Wall -ggdb -O2  conftest.c >&5
conftest.c: In function 'main':
conftest.c:61: warning: 't' is used uninitialized in this function
conftest.c:77: warning: 'b' is used uninitialized in this function
conftest.c:83: warning: 'cs[0]' is used uninitialized in this function
configure:5575: $? = 0
configure:5590: result: yes
configure:5606: checking for bzero
configure:5662: gcc -o conftest -Wall -ggdb -O2   conftest.c  >&5
conftest.c:55: warning: conflicting types for built-in function 'bzero'
configure:5668: $? = 0
configure:5686: result: yes
configure:5606: checking for strdup
configure:5662: gcc -o conftest -Wall -ggdb -O2   conftest.c  >&5
conftest.c:56: warning: conflicting types for built-in function 'strdup'
configure:5668: $? = 0
configure:5686: result: yes
configure:5606: checking for socket
configure:5662: gcc -o conftest -Wall -ggdb -O2   conftest.c  >&5
configure:5668: $? = 0
configure:5686: result: yes
configure:5696: checking for pthread_create in -lpthread
configure:5731: gcc -o conftest -Wall -ggdb -O2   conftest.c -lpthread   >&5
configure:5737: $? = 0
configure:5755: result: yes
configure:6627: checking if we should default to USB-serial
configure:6635: result: no
configure:7360: creating ./config.status

## ---------------- ##
## Cache variables. ##
## ---------------- ##

ac_cv_c_compiler_gnu=yes
ac_cv_c_const=yes
ac_cv_cxx_compiler_gnu=yes
ac_cv_env_CCASFLAGS_set=
ac_cv_env_CCASFLAGS_value=
ac_cv_env_CCAS_set=
ac_cv_env_CCAS_value=
ac_cv_env_CCC_set=
ac_cv_env_CCC_value=
ac_cv_env_CC_set=
ac_cv_env_CC_value=
ac_cv_env_CFLAGS_set=set
ac_cv_env_CFLAGS_value='-Wall -ggdb -O2'
ac_cv_env_CPPFLAGS_set=
ac_cv_env_CPPFLAGS_value=
ac_cv_env_CPP_set=
ac_cv_env_CPP_value=
ac_cv_env_CXXFLAGS_set=
ac_cv_env_CXXFLAGS_value=
ac_cv_env_CXX_set=
ac_cv_env_CXX_value=
ac_cv_env_LDFLAGS_set=
ac_cv_env_LDFLAGS_value=
ac_cv_env_LIBS_set=
ac_cv_env_LIBS_value=
ac_cv_env_build_alias_set=
ac_cv_env_build_alias_value=
ac_cv_env_host_alias_set=
ac_cv_env_host_alias_value=
ac_cv_env_target_alias_set=
ac_cv_env_target_alias_value=
ac_cv_func_bzero=yes
ac_cv_func_socket=yes
ac_cv_func_strdup=yes
ac_cv_header_arpa_inet_h=yes
ac_cv_header_fcntl_h=yes
ac_cv_header_inttypes_h=yes
ac_cv_header_memory_h=yes
ac_cv_header_stdc=yes
ac_cv_header_stdint_h=yes
ac_cv_header_stdlib_h=yes
ac_cv_header_string_h=yes
ac_cv_header_strings_h=yes
ac_cv_header_sys_socket_h=yes
ac_cv_header_sys_stat_h=yes
ac_cv_header_sys_types_h=yes
ac_cv_header_termios_h=yes
ac_cv_header_unistd_h=yes
ac_cv_lib_pthread_pthread_create=yes
ac_cv_objext=o
ac_cv_path_EGREP='/bin/grep -E'
ac_cv_path_GREP=/bin/grep
ac_cv_path_install='/usr/bin/install -c'
ac_cv_path_mkdir=/bin/mkdir
ac_cv_prog_AWK=gawk
ac_cv_prog_CPP='gcc -E'
ac_cv_prog_ac_ct_CC=gcc
ac_cv_prog_ac_ct_CXX=g++
ac_cv_prog_ac_ct_RANLIB=ranlib
ac_cv_prog_cc_c89=
ac_cv_prog_cc_g=yes
ac_cv_prog_cxx_g=yes
ac_cv_prog_make_make_set=yes
am_cv_CCAS_dependencies_compiler_type=gcc3
am_cv_CC_dependencies_compiler_type=gcc3
am_cv_CXX_dependencies_compiler_type=gcc3

## ----------------- ##
## Output variables. ##
## ----------------- ##

ACLOCAL='${SHELL} /home/iceman/cefriel/dynamiclinker/mantis-1.0-beta/missing --run aclocal-1.10'
AMDEPBACKSLASH='\'
AMDEP_FALSE='#'
AMDEP_TRUE=''
AMTAR='${SHELL} /home/iceman/cefriel/dynamiclinker/mantis-1.0-beta/missing --run tar'
ARCH_AVR_FALSE=''
ARCH_AVR_TRUE='#'
ARCH_LINUX_FALSE='#'
ARCH_LINUX_TRUE=''
ARCH_MICRO_FALSE=''
ARCH_MICRO_TRUE='#'
ARCH_MSP430_FALSE=''
ARCH_MSP430_TRUE='#'
AUTOCONF='${SHELL} /home/iceman/cefriel/dynamiclinker/mantis-1.0-beta/missing --run autoconf'
AUTOHEADER='${SHELL} /home/iceman/cefriel/dynamiclinker/mantis-1.0-beta/missing --run autoheader'
AUTOMAKE='${SHELL} /home/iceman/cefriel/dynamiclinker/mantis-1.0-beta/missing --run automake-1.10'
AWK='gawk'
CC='gcc'
CCAS='gcc'
CCASDEPMODE='depmode=gcc3'
CCASFLAGS='-Wall -ggdb -O2'
CCDEPMODE='depmode=gcc3'
CFLAGS='-Wall -ggdb -O2'
CPP='gcc -E'
CPPFLAGS=''
CXX='g++'
CXXDEPMODE='depmode=gcc3'
CXXFLAGS='-g -O2'
CYGPATH_W='echo'
DEFS='-DHAVE_CONFIG_H'
DEPDIR='.deps'
ECHO_C=''
ECHO_N='-n'
ECHO_T=''
EGREP='/bin/grep -E'
EXEEXT=''
FLOODING_ROUTING_FALSE=''
FLOODING_ROUTING_TRUE='#'
GREP='/bin/grep'
INSTALL_DATA='${INSTALL} -m 644'
INSTALL_PROGRAM='${INSTALL}'
INSTALL_SCRIPT='${INSTALL}'
INSTALL_STRIP_PROGRAM='$(install_sh) -c -s'
LDFLAGS=''
LIBOBJS=''
LIBS=''
LTLIBOBJS=''
MAKEINFO='${SHELL} /home/iceman/cefriel/dynamiclinker/mantis-1.0-beta/missing --run makeinfo'
OBJEXT='o'
PACKAGE='mos'
PACKAGE_BUGREPORT=''
PACKAGE_NAME='mos'
PACKAGE_STRING='mos 0.9'
PACKAGE_TARNAME='mos'
PACKAGE_VERSION='0.9'
PATH_SEPARATOR=':'
PLATFORM_AVRDEV_FALSE=''
PLATFORM_AVRDEV_TRUE='#'
PLATFORM_MICA2DOT_FALSE=''
PLATFORM_MICA2DOT_TRUE='#'
PLATFORM_MICA2_FALSE=''
PLATFORM_MICA2_TRUE='#'
PLATFORM_MICAZ_FALSE=''
PLATFORM_MICAZ_TRUE='#'
PLATFORM_MICA_ANY_FALSE=''
PLATFORM_MICA_ANY_TRUE='#'
PLATFORM_MICROBLAZE_FALSE=''
PLATFORM_MICROBLAZE_TRUE='#'
PLATFORM_NYMPH_FALSE=''
PLATFORM_NYMPH_TRUE='#'
PLATFORM_TELOSB_FALSE=''
PLATFORM_TELOSB_TRUE='#'
RANLIB='ranlib'
SET_MAKE=''
SHELL='/bin/bash'
STRIP=''
VERSION='0.9'
ac_ct_CC='gcc'
ac_ct_CXX='g++'
am__fastdepCCAS_FALSE='#'
am__fastdepCCAS_TRUE=''
am__fastdepCC_FALSE='#'
am__fastdepCC_TRUE=''
am__fastdepCXX_FALSE='#'
am__fastdepCXX_TRUE=''
am__include='include'
am__isrc=' -I$(srcdir)'
am__leading_dot='.'
am__quote=''
am__tar='${AMTAR} chof - "$$tardir"'
am__untar='${AMTAR} xf -'
bindir='${exec_prefix}/bin'
build_alias=''
datadir='${datarootdir}'
datarootdir='${prefix}/share'
docdir='${datarootdir}/doc/${PACKAGE_TARNAME}'
dvidir='${docdir}'
exec_prefix='${prefix}'
host_alias=''
htmldir='${docdir}'
includedir='${prefix}/include'
infodir='${datarootdir}/info'
install_sh='$(SHELL) /home/iceman/cefriel/dynamiclinker/mantis-1.0-beta/install-sh'
libdir='${exec_prefix}/lib'
libexecdir='${exec_prefix}/libexec'
localedir='${datarootdir}/locale'
localstatedir='${prefix}/var'
mandir='${datarootdir}/man'
mkdir_p='/bin/mkdir -p'
oldincludedir='/usr/include'
pdfdir='${docdir}'
prefix='/usr/local'
program_transform_name='s,x,x,'
psdir='${docdir}'
sbindir='${exec_prefix}/sbin'
sharedstatedir='${prefix}/com'
sysconfdir='${prefix}/etc'
target_alias=''

## ----------- ##
## confdefs.h. ##
## ----------- ##

#define PACKAGE_NAME "mos"
#define PACKAGE_TARNAME "mos"
#define PACKAGE_VERSION "0.9"
#define PACKAGE_STRING "mos 0.9"
#define PACKAGE_BUGREPORT ""
#define PACKAGE "mos"
#define VERSION "0.9"
#define PACKAGE "mos"
#define VERSION "0.9"
#define STDC_HEADERS 1
#define HAVE_SYS_TYPES_H 1
#define HAVE_SYS_STAT_H 1
#define HAVE_STDLIB_H 1
#define HAVE_STRING_H 1
#define HAVE_MEMORY_H 1
#define HAVE_STRINGS_H 1
#define HAVE_INTTYPES_H 1
#define HAVE_STDINT_H 1
#define HAVE_UNISTD_H 1
#define HAVE_FCNTL_H 1
#define HAVE_INTTYPES_H 1
#define HAVE_STDLIB_H 1
#define HAVE_STRING_H 1
#define HAVE_TERMIOS_H 1
#define HAVE_UNISTD_H 1
#define HAVE_ARPA_INET_H 1
#define HAVE_INTTYPES_H 1
#define HAVE_STDLIB_H 1
#define HAVE_SYS_SOCKET_H 1
#define HAVE_BZERO 1
#define HAVE_STRDUP 1
#define HAVE_SOCKET 1
#define PTHREAD_NAME pthread
#define HAVE_LIBPTHREAD 1
#define PLATFORM_LINUX 1

configure: exit 0

## ---------------------- ##
## Running config.status. ##
## ---------------------- ##

This file was extended by mos config.status 0.9, which was
generated by GNU Autoconf 2.61.  Invocation command line was

  CONFIG_FILES    = 
  CONFIG_HEADERS  = 
  CONFIG_LINKS    = 
  CONFIG_COMMANDS = 
  $ ./config.status 

on iceman-laptop

config.status:750: creating Makefile
config.status:750: creating src/Makefile
config.status:750: creating src/lib/Makefile
config.status:750: creating src/mos/Makefile
config.status:750: creating src/mos/kernel/Makefile
config.status:750: creating src/mos/kernel/avr/Makefile
config.status:750: creating src/mos/kernel/avr/boot/Makefile
config.status:750: creating src/mos/kernel/msp430/Makefile
config.status:750: creating src/mos/kernel/micro/Makefile
config.status:750: creating src/mos/kernel/microblaze/Makefile
config.status:750: creating src/mos/kernel/linux/Makefile
config.status:750: creating src/mos/sys/Makefile
config.status:750: creating src/mos/share/Makefile
config.status:750: creating src/mos/net/Makefile
config.status:750: creating src/mos/com/Makefile
config.status:750: creating src/mos/dev/Makefile
config.status:750: creating src/apps/Makefile
config.status:750: creating src/apps/alarm_example/Makefile
config.status:750: creating src/apps/big_example/Makefile
config.status:750: creating src/apps/load_an_elf/Makefile
config.status:750: creating src/apps/blink_led/Makefile
config.status:750: creating src/apps/commander/Makefile
config.status:750: creating src/apps/led_example/Makefile
config.status:750: creating src/apps/mst_proto_example/Makefile
config.status:750: creating src/apps/printf_example/Makefile
config.status:750: creating src/apps/sense_and_forward/Makefile
config.status:750: creating src/apps/sleep_example/Makefile
config.status:750: creating src/apps/testbed_demo/Makefile
config.status:750: creating src/apps/flash_receiver/Makefile
config.status:750: creating src/apps/gps_example/Makefile
config.status:750: creating src/test/Makefile
config.status:750: creating src/test/adc_test/Makefile
config.status:750: creating src/test/arith_test/Makefile
config.status:750: creating src/test/fec_test/Makefile
config.status:750: creating src/test/cca_test/Makefile
config.status:750: creating src/test/cc2420_test/Makefile
config.status:750: creating src/test/com_test/Makefile
config.status:750: creating src/test/comselect_test/Makefile
config.status:750: creating src/test/microblaze_test/Makefile
config.status:750: creating src/test/crc_test/Makefile
config.status:750: creating src/test/eeprom_test/Makefile
config.status:750: creating src/test/ext_flash_test/Makefile
config.status:750: creating src/test/flooding_test/Makefile
config.status:750: creating src/test/fft_test/Makefile
config.status:750: creating src/test/gps_test/Makefile
config.status:750: creating src/test/id_test/Makefile
config.status:750: creating src/test/mosix_test/Makefile
config.status:750: creating src/test/radio_test/Makefile
config.status:750: creating src/test/realtime_test/Makefile
config.status:750: creating src/test/rssi_test/Makefile
config.status:750: creating src/test/sensor_test/Makefile
config.status:750: creating src/test/semaphore_test/Makefile
config.status:750: creating src/test/sleep_test/Makefile
config.status:750: creating src/test/tdma_test/Makefile
config.status:750: creating src/test/throttle_test/Makefile
config.status:750: creating src/test/clock_test/Makefile
config.status:750: creating src/test/dvdrp_test/Makefile
config.status:750: creating src/test/cts_test/Makefile
config.status:750: creating src/test/weatherboard_test/Makefile
config.status:750: creating src/test/performance/Makefile
config.status:750: creating src/test/accel_test/Makefile
config.status:750: creating src/test/uart_test/Makefile
config.status:750: creating src/test/uart_test_raw/Makefile
config.status:750: creating src/test/telos_hum/Makefile
config.status:750: creating src/test/telos_flash/Makefile
config.status:750: creating src/test/asymmetry/Makefile
config.status:750: creating src/tools/Makefile
config.status:750: creating src/tools/shell/Makefile
config.status:750: creating src/tools/gtkMosShell/Makefile
config.status:750: creating src/tools/gateway/Makefile
config.status:750: creating src/tools/cortex/libbionet/Makefile
config.status:750: creating src/tools/cortex/Makefile
config.status:750: creating src/tools/logview/Makefile
config.status:750: creating src/apps/flash_test/Makefile
config.status:750: creating src/apps/msgs_test/Makefile
config.status:750: creating config.h
config.status:987: config.h is unchanged
config.status:1034: executing depfiles commands
