This file contains any messages produced by compilers while
running configure, to aid debugging if configure makes a mistake.

It was created by mos configure 0.9, which was
generated by GNU Autoconf 2.63.  Invocation command line was

  $ ./configure 

## --------- ##
## Platform. ##
## --------- ##

hostname = lr
uname -m = i686
uname -r = 2.6.28-15-generic
uname -s = Linux
uname -v = #52-Ubuntu SMP Wed Sep 9 10:49:34 UTC 2009

/usr/bin/uname -p = unknown
/bin/uname -X     = unknown

/bin/arch              = unknown
/usr/bin/arch -k       = unknown
/usr/convex/getsysinfo = unknown
/usr/bin/hostinfo      = unknown
/bin/machine           = unknown
/usr/bin/oslevel       = unknown
/bin/universe          = unknown

PATH: /home/luigi/bin
PATH: /usr/local/sbin
PATH: /usr/local/bin
PATH: /usr/sbin
PATH: /usr/bin
PATH: /sbin
PATH: /bin
PATH: /usr/games
PATH: /home/luigi/Documenti/mantis_wasp/dynamiclinker/mos-0.9.5/tools/bin


## ----------- ##
## Core tests. ##
## ----------- ##

configure:1914: checking for a BSD-compatible install
configure:1982: result: /usr/bin/install -c
configure:1993: checking whether build environment is sane
configure:2036: result: yes
configure:2061: checking for a thread-safe mkdir -p
configure:2100: result: /bin/mkdir -p
configure:2113: checking for gawk
configure:2143: result: no
configure:2113: checking for mawk
configure:2129: found /usr/bin/mawk
configure:2140: result: mawk
configure:2151: checking whether make sets $(MAKE)
configure:2173: result: yes
configure:2362: error: Please use the configure script from the appropriate build directory

## ---------------- ##
## Cache variables. ##
## ---------------- ##

ac_cv_env_CCASFLAGS_set=
ac_cv_env_CCASFLAGS_value=
ac_cv_env_CCAS_set=
ac_cv_env_CCAS_value=
ac_cv_env_CCC_set=
ac_cv_env_CCC_value=
ac_cv_env_CC_set=
ac_cv_env_CC_value=
ac_cv_env_CFLAGS_set=
ac_cv_env_CFLAGS_value=
ac_cv_env_CPPFLAGS_set=
ac_cv_env_CPPFLAGS_value=
ac_cv_env_CPP_set=
ac_cv_env_CPP_value=
ac_cv_env_CXXFLAGS_set=
ac_cv_env_CXXFLAGS_value=
ac_cv_env_CXX_set=
ac_cv_env_CXX_value=
ac_cv_env_LDFLAGS_set=
ac_cv_env_LDFLAGS_value=
ac_cv_env_LIBS_set=
ac_cv_env_LIBS_value=
ac_cv_env_build_alias_set=
ac_cv_env_build_alias_value=
ac_cv_env_host_alias_set=
ac_cv_env_host_alias_value=
ac_cv_env_target_alias_set=
ac_cv_env_target_alias_value=
ac_cv_path_install='/usr/bin/install -c'
ac_cv_path_mkdir=/bin/mkdir
ac_cv_prog_AWK=mawk
ac_cv_prog_make_make_set=yes

## ----------------- ##
## Output variables. ##
## ----------------- ##

ACLOCAL='${SHELL} /home/luigi/Documenti/mantis_wasp/dynamiclinker/mantis-1.0-beta/missing --run aclocal-1.10'
AMDEPBACKSLASH=''
AMDEP_FALSE=''
AMDEP_TRUE=''
AMTAR='${SHELL} /home/luigi/Documenti/mantis_wasp/dynamiclinker/mantis-1.0-beta/missing --run tar'
ARCH_AVR_FALSE=''
ARCH_AVR_TRUE=''
ARCH_LINUX_FALSE=''
ARCH_LINUX_TRUE=''
ARCH_MICRO_FALSE=''
ARCH_MICRO_TRUE=''
ARCH_MSP430_FALSE=''
ARCH_MSP430_TRUE=''
AUTOCONF='${SHELL} /home/luigi/Documenti/mantis_wasp/dynamiclinker/mantis-1.0-beta/missing --run autoconf'
AUTOHEADER='${SHELL} /home/luigi/Documenti/mantis_wasp/dynamiclinker/mantis-1.0-beta/missing --run autoheader'
AUTOMAKE='${SHELL} /home/luigi/Documenti/mantis_wasp/dynamiclinker/mantis-1.0-beta/missing --run automake-1.10'
AWK='mawk'
CC=''
CCAS=''
CCASDEPMODE=''
CCASFLAGS=''
CCDEPMODE=''
CFLAGS=''
CPP=''
CPPFLAGS=''
CXX=''
CXXDEPMODE=''
CXXFLAGS=''
CYGPATH_W='echo'
DEFS=''
DEPDIR=''
ECHO_C=''
ECHO_N='-n'
ECHO_T=''
EGREP=''
EXEEXT=''
FLOODING_ROUTING_FALSE=''
FLOODING_ROUTING_TRUE=''
GREP=''
INSTALL_DATA='${INSTALL} -m 644'
INSTALL_PROGRAM='${INSTALL}'
INSTALL_SCRIPT='${INSTALL}'
INSTALL_STRIP_PROGRAM='$(install_sh) -c -s'
LDFLAGS=''
LIBOBJS=''
LIBS=''
LTLIBOBJS=''
MAKEINFO='${SHELL} /home/luigi/Documenti/mantis_wasp/dynamiclinker/mantis-1.0-beta/missing --run makeinfo'
MKDIR_P='/bin/mkdir -p'
OBJEXT=''
PACKAGE='mos'
PACKAGE_BUGREPORT=''
PACKAGE_NAME='mos'
PACKAGE_STRING='mos 0.9'
PACKAGE_TARNAME='mos'
PACKAGE_VERSION='0.9'
PATH_SEPARATOR=':'
PLATFORM_AVRDEV_FALSE=''
PLATFORM_AVRDEV_TRUE=''
PLATFORM_MICA2DOT_FALSE=''
PLATFORM_MICA2DOT_TRUE=''
PLATFORM_MICA2_FALSE=''
PLATFORM_MICA2_TRUE=''
PLATFORM_MICAZ_FALSE=''
PLATFORM_MICAZ_TRUE=''
PLATFORM_MICA_ANY_FALSE=''
PLATFORM_MICA_ANY_TRUE=''
PLATFORM_MICROBLAZE_FALSE=''
PLATFORM_MICROBLAZE_TRUE=''
PLATFORM_NYMPH_FALSE=''
PLATFORM_NYMPH_TRUE=''
PLATFORM_TELOSB_FALSE=''
PLATFORM_TELOSB_TRUE=''
RANLIB=''
SET_MAKE=''
SHELL='/bin/bash'
STRIP=''
VERSION='0.9'
ac_ct_CC=''
ac_ct_CXX=''
am__fastdepCCAS_FALSE=''
am__fastdepCCAS_TRUE=''
am__fastdepCC_FALSE=''
am__fastdepCC_TRUE=''
am__fastdepCXX_FALSE=''
am__fastdepCXX_TRUE=''
am__include=''
am__isrc=''
am__leading_dot='.'
am__quote=''
am__tar='${AMTAR} chof - "$$tardir"'
am__untar='${AMTAR} xf -'
bindir='${exec_prefix}/bin'
build_alias=''
datadir='${datarootdir}'
datarootdir='${prefix}/share'
docdir='${datarootdir}/doc/${PACKAGE_TARNAME}'
dvidir='${docdir}'
exec_prefix='NONE'
host_alias=''
htmldir='${docdir}'
includedir='${prefix}/include'
infodir='${datarootdir}/info'
install_sh='$(SHELL) /home/luigi/Documenti/mantis_wasp/dynamiclinker/mantis-1.0-beta/install-sh'
libdir='${exec_prefix}/lib'
libexecdir='${exec_prefix}/libexec'
localedir='${datarootdir}/locale'
localstatedir='${prefix}/var'
mandir='${datarootdir}/man'
mkdir_p='/bin/mkdir -p'
oldincludedir='/usr/include'
pdfdir='${docdir}'
prefix='NONE'
program_transform_name='s,x,x,'
psdir='${docdir}'
sbindir='${exec_prefix}/sbin'
sharedstatedir='${prefix}/com'
sysconfdir='${prefix}/etc'
target_alias=''

## ----------- ##
## confdefs.h. ##
## ----------- ##

#define PACKAGE_NAME "mos"
#define PACKAGE_TARNAME "mos"
#define PACKAGE_VERSION "0.9"
#define PACKAGE_STRING "mos 0.9"
#define PACKAGE_BUGREPORT ""
#define PACKAGE "mos"
#define VERSION "0.9"

configure: exit 1
