This file contains any messages produced by compilers while
running configure, to aid debugging if configure makes a mistake.

It was created by mos configure 0.9, which was
generated by GNU Autoconf 2.61.  Invocation command line was

  $ ../../configure --enable-build=yes --enable-telosb=yes --host=msp430

## --------- ##
## Platform. ##
## --------- ##

hostname = iceman-laptop
uname -m = i686
uname -r = 2.6.24-24-generic
uname -s = Linux
uname -v = #1 SMP Sat Aug 22 01:06:14 UTC 2009

/usr/bin/uname -p = unknown
/bin/uname -X     = unknown

/bin/arch              = unknown
/usr/bin/arch -k       = unknown
/usr/convex/getsysinfo = unknown
/usr/bin/hostinfo      = unknown
/bin/machine           = unknown
/usr/bin/oslevel       = unknown
/bin/universe          = unknown

PATH: /usr/local/sbin
PATH: /usr/local/bin
PATH: /usr/sbin
PATH: /usr/bin
PATH: /sbin
PATH: /bin
PATH: /usr/games
PATH: /usr/local/Trolltech/Qt-4.5.2/bin
PATH: /home/iceman/cefriel/dynamiclinker/mos-0.9.5/tools/bin


## ----------- ##
## Core tests. ##
## ----------- ##

configure:1817: checking for a BSD-compatible install
configure:1873: result: /usr/bin/install -c
configure:1884: checking whether build environment is sane
configure:1927: result: yes
configure:1955: checking for a thread-safe mkdir -p
configure:1994: result: /bin/mkdir -p
configure:2007: checking for gawk
configure:2023: found /usr/bin/gawk
configure:2034: result: gawk
configure:2045: checking whether make sets $(MAKE)
configure:2066: result: yes
configure:2146: checking for msp430-strip
configure:2162: found /home/iceman/cefriel/dynamiclinker/mos-0.9.5/tools/bin/msp430-strip
configure:2173: result: msp430-strip
configure:2326: checking for msp430-strip
configure:2353: result: msp430-strip
configure:2443: checking for msp430-gcc
configure:2470: result: msp430-gcc
configure:2748: checking for C compiler version
configure:2755: msp430-gcc --version >&5
msp430-gcc (GCC) 3.2.3
Copyright (C) 2002 Free Software Foundation, Inc.
This is free software; see the source for copying conditions.  There is NO
warranty; not even for MERCHANTABILITY or FITNESS FOR A PARTICULAR PURPOSE.

configure:2758: $? = 0
configure:2765: msp430-gcc -v >&5
Reading specs from /home/iceman/cefriel/dynamiclinker/mos-0.9.5/tools/bin/../lib/gcc-lib/msp430/3.2.3/specs
Configured with: ./configure --target=msp430 --prefix=/home/adam/mostools --disable-nls --enable-languages=c
Thread model: single
gcc version 3.2.3
configure:2768: $? = 0
configure:2775: msp430-gcc -V >&5
msp430-gcc: argument to `-V' is missing
configure:2778: $? = 1
configure:2801: checking for C compiler default output file name
configure:2828: msp430-gcc -Wall -Wno-format -Os -g -mmcu=msp430x1611  -mmcu=msp430x1611 conftest.c  >&5
configure:2831: $? = 0
configure:2869: result: a.out
configure:2886: checking whether the C compiler works
configure:2896: ./a.out
../../configure: line 2897: ./a.out: cannot execute binary file
configure:2899: $? = 126
configure:2916: result: yes
configure:2923: checking whether we are cross compiling
configure:2925: result: yes
configure:2928: checking for suffix of executables
configure:2935: msp430-gcc -o conftest -Wall -Wno-format -Os -g -mmcu=msp430x1611  -mmcu=msp430x1611 conftest.c  >&5
configure:2938: $? = 0
configure:2962: result: 
configure:2968: checking for suffix of object files
configure:2994: msp430-gcc -c -Wall -Wno-format -Os -g -mmcu=msp430x1611  conftest.c >&5
configure:2997: $? = 0
configure:3020: result: o
configure:3024: checking whether we are using the GNU C compiler
configure:3053: msp430-gcc -c -Wall -Wno-format -Os -g -mmcu=msp430x1611  conftest.c >&5
configure:3059: $? = 0
configure:3076: result: yes
configure:3081: checking whether msp430-gcc accepts -g
configure:3111: msp430-gcc -c -g  conftest.c >&5
configure:3117: $? = 0
configure:3216: result: yes
configure:3233: checking for msp430-gcc option to accept ISO C89
configure:3307: msp430-gcc  -c -Wall -Wno-format -Os -g -mmcu=msp430x1611  conftest.c >&5
conftest.c:15:22: sys/stat.h: No such file or directory
conftest.c:18: syntax error before '*' token
conftest.c:18: warning: `struct stat' declared inside parameter list
conftest.c:18: warning: its scope is only this definition or declaration, which is probably not what you want
conftest.c:18: warning: type defaults to `int' in declaration of `rcsopen'
conftest.c:18: warning: data definition has no type or storage class
conftest.c:52: syntax error before "FILE"
conftest.c:52: warning: `struct stat' declared inside parameter list
conftest.c:52: `pairnames' declared as function returning a function
conftest.c:52: syntax error before "int"
configure:3313: $? = 1
configure: failed program was:
| /* confdefs.h.  */
| #define PACKAGE_NAME "mos"
| #define PACKAGE_TARNAME "mos"
| #define PACKAGE_VERSION "0.9"
| #define PACKAGE_STRING "mos 0.9"
| #define PACKAGE_BUGREPORT ""
| #define PACKAGE "mos"
| #define VERSION "0.9"
| #define PACKAGE "mos"
| #define VERSION "0.9"
| /* end confdefs.h.  */
| #include <stdarg.h>
| #include <stdio.h>
| #include <sys/types.h>
| #include <sys/stat.h>
| /* Most of the following tests are stolen from RCS 5.7's src/conf.sh.  */
| struct buf { int x; };
| FILE * (*rcsopen) (struct buf *, struct stat *, int);
| static char *e (p, i)
|      char **p;
|      int i;
| {
|   return p[i];
| }
| static char *f (char * (*g) (char **, int), char **p, ...)
| {
|   char *s;
|   va_list v;
|   va_start (v,p);
|   s = g (p, va_arg (v,int));
|   va_end (v);
|   return s;
| }
| 
| /* OSF 4.0 Compaq cc is some sort of almost-ANSI by default.  It has
|    function prototypes and stuff, but not '\xHH' hex character constants.
|    These don't provoke an error unfortunately, instead are silently treated
|    as 'x'.  The following induces an error, until -std is added to get
|    proper ANSI mode.  Curiously '\x00'!='x' always comes out true, for an
|    array size at least.  It's necessary to write '\x00'==0 to get something
|    that's true only with -std.  */
| int osf4_cc_array ['\x00' == 0 ? 1 : -1];
| 
| /* IBM C 6 for AIX is almost-ANSI by default, but it replaces macro parameters
|    inside strings and character constants.  */
| #define FOO(x) 'x'
| int xlc6_cc_array[FOO(a) == 'x' ? 1 : -1];
| 
| int test (int i, double x);
| struct s1 {int (*f) (int a);};
| struct s2 {int (*f) (double a);};
| int pairnames (int, char **, FILE *(*)(struct buf *, struct stat *, int), int, int);
| int argc;
| char **argv;
| int
| main ()
| {
| return f (e, argv, 0) != argv[0]  ||  f (e, argv, 1) != argv[1];
|   ;
|   return 0;
| }
configure:3307: msp430-gcc -qlanglvl=extc89 -c -Wall -Wno-format -Os -g -mmcu=msp430x1611  conftest.c >&5
conftest.c:15:22: sys/stat.h: No such file or directory
conftest.c:18: syntax error before '*' token
conftest.c:18: warning: `struct stat' declared inside parameter list
conftest.c:18: warning: its scope is only this definition or declaration, which is probably not what you want
conftest.c:18: warning: type defaults to `int' in declaration of `rcsopen'
conftest.c:18: warning: data definition has no type or storage class
conftest.c:52: syntax error before "FILE"
conftest.c:52: warning: `struct stat' declared inside parameter list
conftest.c:52: `pairnames' declared as function returning a function
conftest.c:52: syntax error before "int"
configure:3313: $? = 1
configure: failed program was:
| /* confdefs.h.  */
| #define PACKAGE_NAME "mos"
| #define PACKAGE_TARNAME "mos"
| #define PACKAGE_VERSION "0.9"
| #define PACKAGE_STRING "mos 0.9"
| #define PACKAGE_BUGREPORT ""
| #define PACKAGE "mos"
| #define VERSION "0.9"
| #define PACKAGE "mos"
| #define VERSION "0.9"
| /* end confdefs.h.  */
| #include <stdarg.h>
| #include <stdio.h>
| #include <sys/types.h>
| #include <sys/stat.h>
| /* Most of the following tests are stolen from RCS 5.7's src/conf.sh.  */
| struct buf { int x; };
| FILE * (*rcsopen) (struct buf *, struct stat *, int);
| static char *e (p, i)
|      char **p;
|      int i;
| {
|   return p[i];
| }
| static char *f (char * (*g) (char **, int), char **p, ...)
| {
|   char *s;
|   va_list v;
|   va_start (v,p);
|   s = g (p, va_arg (v,int));
|   va_end (v);
|   return s;
| }
| 
| /* OSF 4.0 Compaq cc is some sort of almost-ANSI by default.  It has
|    function prototypes and stuff, but not '\xHH' hex character constants.
|    These don't provoke an error unfortunately, instead are silently treated
|    as 'x'.  The following induces an error, until -std is added to get
|    proper ANSI mode.  Curiously '\x00'!='x' always comes out true, for an
|    array size at least.  It's necessary to write '\x00'==0 to get something
|    that's true only with -std.  */
| int osf4_cc_array ['\x00' == 0 ? 1 : -1];
| 
| /* IBM C 6 for AIX is almost-ANSI by default, but it replaces macro parameters
|    inside strings and character constants.  */
| #define FOO(x) 'x'
| int xlc6_cc_array[FOO(a) == 'x' ? 1 : -1];
| 
| int test (int i, double x);
| struct s1 {int (*f) (int a);};
| struct s2 {int (*f) (double a);};
| int pairnames (int, char **, FILE *(*)(struct buf *, struct stat *, int), int, int);
| int argc;
| char **argv;
| int
| main ()
| {
| return f (e, argv, 0) != argv[0]  ||  f (e, argv, 1) != argv[1];
|   ;
|   return 0;
| }
configure:3307: msp430-gcc -qlanglvl=ansi -c -Wall -Wno-format -Os -g -mmcu=msp430x1611  conftest.c >&5
conftest.c:15:22: sys/stat.h: No such file or directory
conftest.c:18: syntax error before '*' token
conftest.c:18: warning: `struct stat' declared inside parameter list
conftest.c:18: warning: its scope is only this definition or declaration, which is probably not what you want
conftest.c:18: warning: type defaults to `int' in declaration of `rcsopen'
conftest.c:18: warning: data definition has no type or storage class
conftest.c:52: syntax error before "FILE"
conftest.c:52: warning: `struct stat' declared inside parameter list
conftest.c:52: `pairnames' declared as function returning a function
conftest.c:52: syntax error before "int"
configure:3313: $? = 1
configure: failed program was:
| /* confdefs.h.  */
| #define PACKAGE_NAME "mos"
| #define PACKAGE_TARNAME "mos"
| #define PACKAGE_VERSION "0.9"
| #define PACKAGE_STRING "mos 0.9"
| #define PACKAGE_BUGREPORT ""
| #define PACKAGE "mos"
| #define VERSION "0.9"
| #define PACKAGE "mos"
| #define VERSION "0.9"
| /* end confdefs.h.  */
| #include <stdarg.h>
| #include <stdio.h>
| #include <sys/types.h>
| #include <sys/stat.h>
| /* Most of the following tests are stolen from RCS 5.7's src/conf.sh.  */
| struct buf { int x; };
| FILE * (*rcsopen) (struct buf *, struct stat *, int);
| static char *e (p, i)
|      char **p;
|      int i;
| {
|   return p[i];
| }
| static char *f (char * (*g) (char **, int), char **p, ...)
| {
|   char *s;
|   va_list v;
|   va_start (v,p);
|   s = g (p, va_arg (v,int));
|   va_end (v);
|   return s;
| }
| 
| /* OSF 4.0 Compaq cc is some sort of almost-ANSI by default.  It has
|    function prototypes and stuff, but not '\xHH' hex character constants.
|    These don't provoke an error unfortunately, instead are silently treated
|    as 'x'.  The following induces an error, until -std is added to get
|    proper ANSI mode.  Curiously '\x00'!='x' always comes out true, for an
|    array size at least.  It's necessary to write '\x00'==0 to get something
|    that's true only with -std.  */
| int osf4_cc_array ['\x00' == 0 ? 1 : -1];
| 
| /* IBM C 6 for AIX is almost-ANSI by default, but it replaces macro parameters
|    inside strings and character constants.  */
| #define FOO(x) 'x'
| int xlc6_cc_array[FOO(a) == 'x' ? 1 : -1];
| 
| int test (int i, double x);
| struct s1 {int (*f) (int a);};
| struct s2 {int (*f) (double a);};
| int pairnames (int, char **, FILE *(*)(struct buf *, struct stat *, int), int, int);
| int argc;
| char **argv;
| int
| main ()
| {
| return f (e, argv, 0) != argv[0]  ||  f (e, argv, 1) != argv[1];
|   ;
|   return 0;
| }
configure:3307: msp430-gcc -std -c -Wall -Wno-format -Os -g -mmcu=msp430x1611  conftest.c >&5
cc1: unrecognized option `-std'
configure:3313: $? = 1
configure: failed program was:
| /* confdefs.h.  */
| #define PACKAGE_NAME "mos"
| #define PACKAGE_TARNAME "mos"
| #define PACKAGE_VERSION "0.9"
| #define PACKAGE_STRING "mos 0.9"
| #define PACKAGE_BUGREPORT ""
| #define PACKAGE "mos"
| #define VERSION "0.9"
| #define PACKAGE "mos"
| #define VERSION "0.9"
| /* end confdefs.h.  */
| #include <stdarg.h>
| #include <stdio.h>
| #include <sys/types.h>
| #include <sys/stat.h>
| /* Most of the following tests are stolen from RCS 5.7's src/conf.sh.  */
| struct buf { int x; };
| FILE * (*rcsopen) (struct buf *, struct stat *, int);
| static char *e (p, i)
|      char **p;
|      int i;
| {
|   return p[i];
| }
| static char *f (char * (*g) (char **, int), char **p, ...)
| {
|   char *s;
|   va_list v;
|   va_start (v,p);
|   s = g (p, va_arg (v,int));
|   va_end (v);
|   return s;
| }
| 
| /* OSF 4.0 Compaq cc is some sort of almost-ANSI by default.  It has
|    function prototypes and stuff, but not '\xHH' hex character constants.
|    These don't provoke an error unfortunately, instead are silently treated
|    as 'x'.  The following induces an error, until -std is added to get
|    proper ANSI mode.  Curiously '\x00'!='x' always comes out true, for an
|    array size at least.  It's necessary to write '\x00'==0 to get something
|    that's true only with -std.  */
| int osf4_cc_array ['\x00' == 0 ? 1 : -1];
| 
| /* IBM C 6 for AIX is almost-ANSI by default, but it replaces macro parameters
|    inside strings and character constants.  */
| #define FOO(x) 'x'
| int xlc6_cc_array[FOO(a) == 'x' ? 1 : -1];
| 
| int test (int i, double x);
| struct s1 {int (*f) (int a);};
| struct s2 {int (*f) (double a);};
| int pairnames (int, char **, FILE *(*)(struct buf *, struct stat *, int), int, int);
| int argc;
| char **argv;
| int
| main ()
| {
| return f (e, argv, 0) != argv[0]  ||  f (e, argv, 1) != argv[1];
|   ;
|   return 0;
| }
configure:3307: msp430-gcc -Ae -c -Wall -Wno-format -Os -g -mmcu=msp430x1611  conftest.c >&5
<command line>:1:2: missing '(' after predicate
conftest.c:15:22: sys/stat.h: No such file or directory
conftest.c:18: syntax error before '*' token
conftest.c:18: warning: `struct stat' declared inside parameter list
conftest.c:18: warning: its scope is only this definition or declaration, which is probably not what you want
conftest.c:18: warning: type defaults to `int' in declaration of `rcsopen'
conftest.c:18: warning: data definition has no type or storage class
conftest.c:52: syntax error before "FILE"
conftest.c:52: warning: `struct stat' declared inside parameter list
conftest.c:52: `pairnames' declared as function returning a function
conftest.c:52: syntax error before "int"
configure:3313: $? = 1
configure: failed program was:
| /* confdefs.h.  */
| #define PACKAGE_NAME "mos"
| #define PACKAGE_TARNAME "mos"
| #define PACKAGE_VERSION "0.9"
| #define PACKAGE_STRING "mos 0.9"
| #define PACKAGE_BUGREPORT ""
| #define PACKAGE "mos"
| #define VERSION "0.9"
| #define PACKAGE "mos"
| #define VERSION "0.9"
| /* end confdefs.h.  */
| #include <stdarg.h>
| #include <stdio.h>
| #include <sys/types.h>
| #include <sys/stat.h>
| /* Most of the following tests are stolen from RCS 5.7's src/conf.sh.  */
| struct buf { int x; };
| FILE * (*rcsopen) (struct buf *, struct stat *, int);
| static char *e (p, i)
|      char **p;
|      int i;
| {
|   return p[i];
| }
| static char *f (char * (*g) (char **, int), char **p, ...)
| {
|   char *s;
|   va_list v;
|   va_start (v,p);
|   s = g (p, va_arg (v,int));
|   va_end (v);
|   return s;
| }
| 
| /* OSF 4.0 Compaq cc is some sort of almost-ANSI by default.  It has
|    function prototypes and stuff, but not '\xHH' hex character constants.
|    These don't provoke an error unfortunately, instead are silently treated
|    as 'x'.  The following induces an error, until -std is added to get
|    proper ANSI mode.  Curiously '\x00'!='x' always comes out true, for an
|    array size at least.  It's necessary to write '\x00'==0 to get something
|    that's true only with -std.  */
| int osf4_cc_array ['\x00' == 0 ? 1 : -1];
| 
| /* IBM C 6 for AIX is almost-ANSI by default, but it replaces macro parameters
|    inside strings and character constants.  */
| #define FOO(x) 'x'
| int xlc6_cc_array[FOO(a) == 'x' ? 1 : -1];
| 
| int test (int i, double x);
| struct s1 {int (*f) (int a);};
| struct s2 {int (*f) (double a);};
| int pairnames (int, char **, FILE *(*)(struct buf *, struct stat *, int), int, int);
| int argc;
| char **argv;
| int
| main ()
| {
| return f (e, argv, 0) != argv[0]  ||  f (e, argv, 1) != argv[1];
|   ;
|   return 0;
| }
configure:3307: msp430-gcc -Aa -D_HPUX_SOURCE -c -Wall -Wno-format -Os -g -mmcu=msp430x1611  conftest.c >&5
<command line>:1:2: missing '(' after predicate
conftest.c:15:22: sys/stat.h: No such file or directory
conftest.c:18: syntax error before '*' token
conftest.c:18: warning: `struct stat' declared inside parameter list
conftest.c:18: warning: its scope is only this definition or declaration, which is probably not what you want
conftest.c:18: warning: type defaults to `int' in declaration of `rcsopen'
conftest.c:18: warning: data definition has no type or storage class
conftest.c:52: syntax error before "FILE"
conftest.c:52: warning: `struct stat' declared inside parameter list
conftest.c:52: `pairnames' declared as function returning a function
conftest.c:52: syntax error before "int"
configure:3313: $? = 1
configure: failed program was:
| /* confdefs.h.  */
| #define PACKAGE_NAME "mos"
| #define PACKAGE_TARNAME "mos"
| #define PACKAGE_VERSION "0.9"
| #define PACKAGE_STRING "mos 0.9"
| #define PACKAGE_BUGREPORT ""
| #define PACKAGE "mos"
| #define VERSION "0.9"
| #define PACKAGE "mos"
| #define VERSION "0.9"
| /* end confdefs.h.  */
| #include <stdarg.h>
| #include <stdio.h>
| #include <sys/types.h>
| #include <sys/stat.h>
| /* Most of the following tests are stolen from RCS 5.7's src/conf.sh.  */
| struct buf { int x; };
| FILE * (*rcsopen) (struct buf *, struct stat *, int);
| static char *e (p, i)
|      char **p;
|      int i;
| {
|   return p[i];
| }
| static char *f (char * (*g) (char **, int), char **p, ...)
| {
|   char *s;
|   va_list v;
|   va_start (v,p);
|   s = g (p, va_arg (v,int));
|   va_end (v);
|   return s;
| }
| 
| /* OSF 4.0 Compaq cc is some sort of almost-ANSI by default.  It has
|    function prototypes and stuff, but not '\xHH' hex character constants.
|    These don't provoke an error unfortunately, instead are silently treated
|    as 'x'.  The following induces an error, until -std is added to get
|    proper ANSI mode.  Curiously '\x00'!='x' always comes out true, for an
|    array size at least.  It's necessary to write '\x00'==0 to get something
|    that's true only with -std.  */
| int osf4_cc_array ['\x00' == 0 ? 1 : -1];
| 
| /* IBM C 6 for AIX is almost-ANSI by default, but it replaces macro parameters
|    inside strings and character constants.  */
| #define FOO(x) 'x'
| int xlc6_cc_array[FOO(a) == 'x' ? 1 : -1];
| 
| int test (int i, double x);
| struct s1 {int (*f) (int a);};
| struct s2 {int (*f) (double a);};
| int pairnames (int, char **, FILE *(*)(struct buf *, struct stat *, int), int, int);
| int argc;
| char **argv;
| int
| main ()
| {
| return f (e, argv, 0) != argv[0]  ||  f (e, argv, 1) != argv[1];
|   ;
|   return 0;
| }
configure:3307: msp430-gcc -Xc -D__EXTENSIONS__ -c -Wall -Wno-format -Os -g -mmcu=msp430x1611  conftest.c >&5
conftest.c:15:22: sys/stat.h: No such file or directory
conftest.c:18: syntax error before '*' token
conftest.c:18: warning: `struct stat' declared inside parameter list
conftest.c:18: warning: its scope is only this definition or declaration, which is probably not what you want
conftest.c:18: warning: type defaults to `int' in declaration of `rcsopen'
conftest.c:18: warning: data definition has no type or storage class
conftest.c:52: syntax error before "FILE"
conftest.c:52: warning: `struct stat' declared inside parameter list
conftest.c:52: `pairnames' declared as function returning a function
conftest.c:52: syntax error before "int"
configure:3313: $? = 1
configure: failed program was:
| /* confdefs.h.  */
| #define PACKAGE_NAME "mos"
| #define PACKAGE_TARNAME "mos"
| #define PACKAGE_VERSION "0.9"
| #define PACKAGE_STRING "mos 0.9"
| #define PACKAGE_BUGREPORT ""
| #define PACKAGE "mos"
| #define VERSION "0.9"
| #define PACKAGE "mos"
| #define VERSION "0.9"
| /* end confdefs.h.  */
| #include <stdarg.h>
| #include <stdio.h>
| #include <sys/types.h>
| #include <sys/stat.h>
| /* Most of the following tests are stolen from RCS 5.7's src/conf.sh.  */
| struct buf { int x; };
| FILE * (*rcsopen) (struct buf *, struct stat *, int);
| static char *e (p, i)
|      char **p;
|      int i;
| {
|   return p[i];
| }
| static char *f (char * (*g) (char **, int), char **p, ...)
| {
|   char *s;
|   va_list v;
|   va_start (v,p);
|   s = g (p, va_arg (v,int));
|   va_end (v);
|   return s;
| }
| 
| /* OSF 4.0 Compaq cc is some sort of almost-ANSI by default.  It has
|    function prototypes and stuff, but not '\xHH' hex character constants.
|    These don't provoke an error unfortunately, instead are silently treated
|    as 'x'.  The following induces an error, until -std is added to get
|    proper ANSI mode.  Curiously '\x00'!='x' always comes out true, for an
|    array size at least.  It's necessary to write '\x00'==0 to get something
|    that's true only with -std.  */
| int osf4_cc_array ['\x00' == 0 ? 1 : -1];
| 
| /* IBM C 6 for AIX is almost-ANSI by default, but it replaces macro parameters
|    inside strings and character constants.  */
| #define FOO(x) 'x'
| int xlc6_cc_array[FOO(a) == 'x' ? 1 : -1];
| 
| int test (int i, double x);
| struct s1 {int (*f) (int a);};
| struct s2 {int (*f) (double a);};
| int pairnames (int, char **, FILE *(*)(struct buf *, struct stat *, int), int, int);
| int argc;
| char **argv;
| int
| main ()
| {
| return f (e, argv, 0) != argv[0]  ||  f (e, argv, 1) != argv[1];
|   ;
|   return 0;
| }
configure:3339: result: unsupported
configure:3365: checking for style of include used by make
configure:3393: result: GNU
configure:3418: checking dependency style of msp430-gcc
configure:3509: result: gcc3
configure:3526: checking dependency style of msp430-gcc
configure:3617: result: gcc3
configure:3646: checking for msp430-g++
configure:3676: result: no
configure:3646: checking for msp430-c++
configure:3676: result: no
configure:3646: checking for msp430-gpp
configure:3676: result: no
configure:3646: checking for msp430-aCC
configure:3676: result: no
configure:3646: checking for msp430-CC
configure:3676: result: no
configure:3646: checking for msp430-cxx
configure:3676: result: no
configure:3646: checking for msp430-cc++
configure:3676: result: no
configure:3646: checking for msp430-cl.exe
configure:3676: result: no
configure:3646: checking for msp430-FCC
configure:3676: result: no
configure:3646: checking for msp430-KCC
configure:3676: result: no
configure:3646: checking for msp430-RCC
configure:3676: result: no
configure:3646: checking for msp430-xlC_r
configure:3676: result: no
configure:3646: checking for msp430-xlC
configure:3676: result: no
configure:3690: checking for g++
configure:3706: found /usr/bin/g++
configure:3717: result: g++
configure:3735: WARNING: In the future, Autoconf will not detect cross-tools
whose name does not start with the host triplet.  If you think this
configuration is useful to you, please write to autoconf@gnu.org.
configure:3748: checking for C++ compiler version
configure:3755: g++ --version >&5
g++ (GCC) 4.2.4 (Ubuntu 4.2.4-1ubuntu4)
Copyright (C) 2007 Free Software Foundation, Inc.
This is free software; see the source for copying conditions.  There is NO
warranty; not even for MERCHANTABILITY or FITNESS FOR A PARTICULAR PURPOSE.

configure:3758: $? = 0
configure:3765: g++ -v >&5
Using built-in specs.
Target: i486-linux-gnu
Configured with: ../src/configure -v --enable-languages=c,c++,fortran,objc,obj-c++,treelang --prefix=/usr --enable-shared --with-system-zlib --libexecdir=/usr/lib --without-included-gettext --enable-threads=posix --enable-nls --with-gxx-include-dir=/usr/include/c++/4.2 --program-suffix=-4.2 --enable-clocale=gnu --enable-libstdcxx-debug --enable-objc-gc --enable-mpfr --enable-targets=all --enable-checking=release --build=i486-linux-gnu --host=i486-linux-gnu --target=i486-linux-gnu
Thread model: posix
gcc version 4.2.4 (Ubuntu 4.2.4-1ubuntu4)
configure:3768: $? = 0
configure:3775: g++ -V >&5
g++: '-V' option must have argument
configure:3778: $? = 1
configure:3781: checking whether we are using the GNU C++ compiler
configure:3810: g++ -c   conftest.cpp >&5
configure:3816: $? = 0
configure:3833: result: yes
configure:3838: checking whether g++ accepts -g
configure:3868: g++ -c -g  conftest.cpp >&5
configure:3874: $? = 0
configure:3973: result: yes
configure:3998: checking dependency style of g++
configure:4089: result: gcc3
configure:4106: checking dependency style of g++
configure:4197: result: gcc3
configure:4215: checking for msp430-ranlib
configure:4231: found /home/iceman/cefriel/dynamiclinker/mos-0.9.5/tools/bin/msp430-ranlib
configure:4242: result: msp430-ranlib
configure:4317: checking dependency style of msp430-gcc
configure:4408: result: gcc3
configure:6286: checking if we should default to USB-serial
configure:6294: result: no
configure:6746: creating ./config.status

## ---------------------- ##
## Running config.status. ##
## ---------------------- ##

This file was extended by mos config.status 0.9, which was
generated by GNU Autoconf 2.61.  Invocation command line was

  CONFIG_FILES    = 
  CONFIG_HEADERS  = 
  CONFIG_LINKS    = 
  CONFIG_COMMANDS = 
  $ ./config.status 

on iceman-laptop

config.status:704: creating Makefile
config.status:704: creating src/Makefile
config.status:704: creating src/lib/Makefile
config.status:704: creating src/mos/Makefile
config.status:704: creating src/mos/kernel/Makefile
config.status:704: creating src/mos/kernel/avr/Makefile
config.status:704: creating src/mos/kernel/avr/boot/Makefile
config.status:704: creating src/mos/kernel/msp430/Makefile
config.status:704: creating src/mos/kernel/micro/Makefile
config.status:704: creating src/mos/kernel/linux/Makefile
config.status:704: creating src/mos/sys/Makefile
config.status:704: creating src/mos/share/Makefile
config.status:704: creating src/mos/net/Makefile
config.status:704: creating src/mos/com/Makefile
config.status:704: creating src/mos/dev/Makefile
config.status:704: creating src/apps/Makefile
config.status:704: creating src/apps/load_an_elf/Makefile
config.status:704: creating src/apps/blink_led/Makefile
config.status:704: creating src/apps/led_example/Makefile
config.status:704: creating src/apps/printf_example/Makefile
config.status:704: creating src/apps/flash_test/Makefile
config.status:704: creating src/apps/msgs_test/Makefile
config.status:704: creating src/tools/Makefile
config.status:704: creating src/tools/shell/Makefile
config.status:704: creating src/tools/gtkMosShell/Makefile
config.status:704: creating src/tools/gateway/Makefile
config.status:704: creating src/tools/cortex/libbionet/Makefile
config.status:704: creating src/tools/cortex/Makefile
config.status:704: creating src/tools/logview/Makefile
config.status:704: creating config.h
config.status:921: config.h is unchanged
config.status:968: executing depfiles commands

## ---------------- ##
## Cache variables. ##
## ---------------- ##

ac_cv_c_compiler_gnu=yes
ac_cv_cxx_compiler_gnu=yes
ac_cv_env_CCASFLAGS_set=
ac_cv_env_CCASFLAGS_value=
ac_cv_env_CCAS_set=
ac_cv_env_CCAS_value=
ac_cv_env_CCC_set=
ac_cv_env_CCC_value=
ac_cv_env_CC_set=set
ac_cv_env_CC_value=msp430-gcc
ac_cv_env_CFLAGS_set=set
ac_cv_env_CFLAGS_value='-Wall -Wno-format -Os -g -mmcu=msp430x1611'
ac_cv_env_CPPFLAGS_set=
ac_cv_env_CPPFLAGS_value=
ac_cv_env_CPP_set=
ac_cv_env_CPP_value=
ac_cv_env_CXXFLAGS_set=
ac_cv_env_CXXFLAGS_value=
ac_cv_env_CXX_set=
ac_cv_env_CXX_value=
ac_cv_env_LDFLAGS_set=set
ac_cv_env_LDFLAGS_value=-mmcu=msp430x1611
ac_cv_env_LIBS_set=
ac_cv_env_LIBS_value=
ac_cv_env_build_alias_set=
ac_cv_env_build_alias_value=
ac_cv_env_host_alias_set=set
ac_cv_env_host_alias_value=msp430
ac_cv_env_target_alias_set=
ac_cv_env_target_alias_value=
ac_cv_objext=o
ac_cv_path_install='/usr/bin/install -c'
ac_cv_path_mkdir=/bin/mkdir
ac_cv_prog_AWK=gawk
ac_cv_prog_CC=msp430-gcc
ac_cv_prog_RANLIB=msp430-ranlib
ac_cv_prog_STRIP=msp430-strip
ac_cv_prog_ac_ct_CXX=g++
ac_cv_prog_cc_c89=no
ac_cv_prog_cc_g=yes
ac_cv_prog_cxx_g=yes
ac_cv_prog_make_make_set=yes
am_cv_CCAS_dependencies_compiler_type=gcc3
am_cv_CC_dependencies_compiler_type=gcc3
am_cv_CXX_dependencies_compiler_type=gcc3

## ----------------- ##
## Output variables. ##
## ----------------- ##

ACLOCAL='${SHELL} /home/iceman/cefriel/dynamiclinker/mantis-1.0-beta/missing --run aclocal-1.10'
AMDEPBACKSLASH='\'
AMDEP_FALSE='#'
AMDEP_TRUE=''
AMTAR='${SHELL} /home/iceman/cefriel/dynamiclinker/mantis-1.0-beta/missing --run tar'
ARCH_AVR_FALSE=''
ARCH_AVR_TRUE='#'
ARCH_LINUX_FALSE=''
ARCH_LINUX_TRUE='#'
ARCH_MICRO_FALSE='#'
ARCH_MICRO_TRUE=''
ARCH_MSP430_FALSE='#'
ARCH_MSP430_TRUE=''
AUTOCONF='${SHELL} /home/iceman/cefriel/dynamiclinker/mantis-1.0-beta/missing --run autoconf'
AUTOHEADER='${SHELL} /home/iceman/cefriel/dynamiclinker/mantis-1.0-beta/missing --run autoheader'
AUTOMAKE='${SHELL} /home/iceman/cefriel/dynamiclinker/mantis-1.0-beta/missing --run automake-1.10'
AWK='gawk'
CC='msp430-gcc'
CCAS='msp430-gcc'
CCASDEPMODE='depmode=gcc3'
CCASFLAGS='-Wall -Wno-format -Os -g -mmcu=msp430x1611'
CCDEPMODE='depmode=gcc3'
CFLAGS='-Wall -Wno-format -Os -g -mmcu=msp430x1611'
CPP=''
CPPFLAGS=''
CXX='g++'
CXXDEPMODE='depmode=gcc3'
CXXFLAGS='-g -O2'
CYGPATH_W='echo'
DEFS='-DHAVE_CONFIG_H'
DEPDIR='.deps'
ECHO_C=''
ECHO_N='-n'
ECHO_T=''
EGREP=''
EXEEXT=''
FLOODING_ROUTING_FALSE='#'
FLOODING_ROUTING_TRUE=''
GREP=''
INSTALL_DATA='${INSTALL} -m 644'
INSTALL_PROGRAM='${INSTALL}'
INSTALL_SCRIPT='${INSTALL}'
INSTALL_STRIP_PROGRAM='$(install_sh) -c -s'
LDFLAGS='-mmcu=msp430x1611'
LIBOBJS=''
LIBS=''
LTLIBOBJS=''
MAKEINFO='${SHELL} /home/iceman/cefriel/dynamiclinker/mantis-1.0-beta/missing --run makeinfo'
OBJEXT='o'
PACKAGE='mos'
PACKAGE_BUGREPORT=''
PACKAGE_NAME='mos'
PACKAGE_STRING='mos 0.9'
PACKAGE_TARNAME='mos'
PACKAGE_VERSION='0.9'
PATH_SEPARATOR=':'
PLATFORM_AVRDEV_FALSE=''
PLATFORM_AVRDEV_TRUE='#'
PLATFORM_MICA2DOT_FALSE=''
PLATFORM_MICA2DOT_TRUE='#'
PLATFORM_MICA2_FALSE=''
PLATFORM_MICA2_TRUE='#'
PLATFORM_MICAZ_FALSE=''
PLATFORM_MICAZ_TRUE='#'
PLATFORM_MICA_ANY_FALSE=''
PLATFORM_MICA_ANY_TRUE='#'
PLATFORM_MICROBLAZE_FALSE=''
PLATFORM_MICROBLAZE_TRUE='#'
PLATFORM_NYMPH_FALSE=''
PLATFORM_NYMPH_TRUE='#'
PLATFORM_TELOSB_FALSE='#'
PLATFORM_TELOSB_TRUE=''
RANLIB='msp430-ranlib'
SET_MAKE=''
SHELL='/bin/sh'
STRIP='msp430-strip'
VERSION='0.9'
ac_ct_CC=''
ac_ct_CXX='g++'
am__fastdepCCAS_FALSE='#'
am__fastdepCCAS_TRUE=''
am__fastdepCC_FALSE='#'
am__fastdepCC_TRUE=''
am__fastdepCXX_FALSE='#'
am__fastdepCXX_TRUE=''
am__include='include'
am__isrc=' -I$(srcdir)'
am__leading_dot='.'
am__quote=''
am__tar='${AMTAR} chof - "$$tardir"'
am__untar='${AMTAR} xf -'
bindir='${exec_prefix}/bin'
build_alias=''
datadir='${datarootdir}'
datarootdir='${prefix}/share'
docdir='${datarootdir}/doc/${PACKAGE_TARNAME}'
dvidir='${docdir}'
exec_prefix='${prefix}'
host_alias='msp430'
htmldir='${docdir}'
includedir='${prefix}/include'
infodir='${datarootdir}/info'
install_sh='$(SHELL) /home/iceman/cefriel/dynamiclinker/mantis-1.0-beta/install-sh'
libdir='${exec_prefix}/lib'
libexecdir='${exec_prefix}/libexec'
localedir='${datarootdir}/locale'
localstatedir='${prefix}/var'
mandir='${datarootdir}/man'
mkdir_p='/bin/mkdir -p'
oldincludedir='/usr/include'
pdfdir='${docdir}'
prefix='/usr/local'
program_transform_name='s,x,x,'
psdir='${docdir}'
sbindir='${exec_prefix}/sbin'
sharedstatedir='${prefix}/com'
sysconfdir='${prefix}/etc'
target_alias=''

## ----------- ##
## confdefs.h. ##
## ----------- ##

#define PACKAGE_NAME "mos"
#define PACKAGE_TARNAME "mos"
#define PACKAGE_VERSION "0.9"
#define PACKAGE_STRING "mos 0.9"
#define PACKAGE_BUGREPORT ""
#define PACKAGE "mos"
#define VERSION "0.9"
#define PACKAGE "mos"
#define VERSION "0.9"
#define ARCH_MICRO 1
#define PLATFORM_TELOSB 1
#define FLOODING_ROUTING 1
#define CLOCK_SPEED_3_68 1
#define ARCH_MSP430 1
#define PLATFORM_SUPPORTS_CC2420 1

configure: exit 0

## ---------------------- ##
## Running config.status. ##
## ---------------------- ##

This file was extended by mos config.status 0.9, which was
generated by GNU Autoconf 2.61.  Invocation command line was

  CONFIG_FILES    = 
  CONFIG_HEADERS  = 
  CONFIG_LINKS    = 
  CONFIG_COMMANDS = 
  $ ./config.status config.h

on iceman-laptop

config.status:704: creating config.h
config.status:921: config.h is unchanged
